<?xml version="1.0" encoding="UTF-8"?>
<testsuite xmlns:xsi="http://www.w3.org/2001/XMLSchema-instance" xsi:noNamespaceSchemaLocation="https://maven.apache.org/surefire/maven-surefire-plugin/xsd/surefire-test-report-3.0.xsd" version="3.0" name="TestSuite" time="231.733" tests="13" errors="0" skipped="0" failures="4">
  <properties>
[...]
</properties>
  <testcase name="runScenario[&quot;Validate the Dashboard in Homepage&quot;, &quot;Login as a Individual in HomerFund&quot;](1)" classname="org.thd.hfcm.runner.CucumberRunnerTests" time="29.733">
    <system-out><![CDATA[
@all @individual @IndividualDashboardFields
Scenario: Validate the Dashboard in Homepage                                               &amp#27;[90m# src/test/resources/features/IndividualUser.feature:13&amp#27;[0m

@all @individual @individualLoginpage
Scenario: Validate Login and Logout of the application with "Individual" credentials &amp#27;[90m# src/test/resources/features/IndividualUser.feature:8&amp#27;[0m
  &amp#27;[32mGiven &amp#27;[0m&amp#27;[32mOpen Browser and Launch Application&amp#27;[0m                                                &amp#27;[90m# org.thd.hfcm.definitions.CommonDefinitions.open_Browser_and_Launch_Application()&amp#27;[0m
  &amp#27;[32mGiven &amp#27;[0m&amp#27;[32mOpen Browser and Launch Application&amp#27;[0m                                          &amp#27;[90m# org.thd.hfcm.definitions.CommonDefinitions.open_Browser_and_Launch_Application()&amp#27;[0m
  &amp#27;[32mWhen &amp#27;[0m&amp#27;[32mLogin as a &amp#27;[0m&amp#27;[32m&amp#27;[1m"Individual"&amp#27;[0m&amp#27;[32m user&amp#27;[0m                                                        &amp#27;[90m# org.thd.hfcm.definitions.CommonDefinitions.enter_The_Credentials(java.lang.String)&amp#27;[0m
  &amp#27;[32mThen &amp#27;[0m&amp#27;[32mValidate the Dashboard has all the expected fields in Homepage as &amp#27;[0m&amp#27;[32m&amp#27;[1m"Individual"&amp#27;[0m&amp#27;[32m user&amp#27;[0m &amp#27;[90m# org.thd.hfcm.definitions.StepDefsIndividualUser.validate_the_dashboard_has_all_the_expected_fields_in_homepage_as_user(java.lang.String)&amp#27;[0m
  &amp#27;[32mAnd &amp#27;[0m&amp#27;[32mLogged out Successfully as &amp#27;[0m&amp#27;[32m&amp#27;[1m"Individual"&amp#27;[0m&amp#27;[32m user&amp#27;[0m                                         &amp#27;[90m# org.thd.hfcm.definitions.CommonDefinitions.User_logged_out_successfully(java.lang.String)&amp#27;[0m
  &amp#27;[32mWhen &amp#27;[0m&amp#27;[32mLogin as a &amp#27;[0m&amp#27;[32m&amp#27;[1m"Individual"&amp#27;[0m&amp#27;[32m user&amp#27;[0m                                                  &amp#27;[90m# org.thd.hfcm.definitions.CommonDefinitions.enter_The_Credentials(java.lang.String)&amp#27;[0m
  &amp#27;[32mThen &amp#27;[0m&amp#27;[32mValidate user logged in Successfully as &amp#27;[0m&amp#27;[32m&amp#27;[1m"Individual"&amp#27;[0m&amp#27;[32m user&amp#27;[0m                     &amp#27;[90m# org.thd.hfcm.definitions.CommonDefinitions.validate_user_logged_in_successfully(java.lang.String)&amp#27;[0m
  &amp#27;[32mAnd &amp#27;[0m&amp#27;[32mLogged out Successfully as &amp#27;[0m&amp#27;[32m&amp#27;[1m"Individual"&amp#27;[0m&amp#27;[32m user&amp#27;[0m                                   &amp#27;[90m# org.thd.hfcm.definitions.CommonDefinitions.User_logged_out_successfully(java.lang.String)&amp#27;[0m
]]></system-out>
    <system-err><![CDATA[SLF4J: Failed to load class "org.slf4j.impl.StaticLoggerBinder".
SLF4J: Defaulting to no-operation (NOP) logger implementation
SLF4J: See http://www.slf4j.org/codes.html#StaticLoggerBinder for further details.
Oct 23, 2024 3:51:01 PM org.openqa.selenium.devtools.CdpVersionFinder findNearestMatch
WARNING: Unable to find CDP implementation matching 129
Oct 23, 2024 3:51:01 PM org.openqa.selenium.chromium.ChromiumDriver lambda$new$5
WARNING: Unable to find version of CDP to use for 129.0.6668.101. You may need to include a dependency on a specific version of the CDP using something similar to `org.seleniumhq.selenium:selenium-devtools-v86:4.19.1` where the version ("v86") matches the version of the chromium-based browser you're using and the version number of the artifact is the same as Selenium's.
Oct 23, 2024 3:51:01 PM org.openqa.selenium.devtools.CdpVersionFinder findNearestMatch
WARNING: Unable to find CDP implementation matching 129
Oct 23, 2024 3:51:01 PM org.openqa.selenium.chromium.ChromiumDriver lambda$new$5
WARNING: Unable to find version of CDP to use for 129.0.6668.101. You may need to include a dependency on a specific version of the CDP using something similar to `org.seleniumhq.selenium:selenium-devtools-v86:4.19.1` where the version ("v86") matches the version of the chromium-based browser you're using and the version number of the artifact is the same as Selenium's.
]]></system-err>
  </testcase>
  <testcase name="runScenario[&quot;Validate Login and Logout of the application with &quot;Individual&quot; credentials&quot;, &quot;Login as a Individual in HomerFund&quot;](2)" classname="org.thd.hfcm.runner.CucumberRunnerTests" time="1.36">
    <system-out><![CDATA[
@all @individual @IndividualNewDonation
Scenario: Validate that new User Home page Presents with Welcome Message and Make donation button &amp#27;[90m# src/test/resources/features/IndividualUser.feature:18&amp#27;[0m
]]></system-out>
  </testcase>
  <testcase name="runScenario[&quot;Validate that new User Home page Presents with Welcome Message and Make donation button&quot;, &quot;Login as a Individual in HomerFund&quot;](3)" classname="org.thd.hfcm.runner.CucumberRunnerTests" time="20.357">
    <failure message="Home Page is not loaded or check the Web Element...!!! expected [Make a new one time donation] but found []" type="java.lang.AssertionError"><![CDATA[java.lang.AssertionError: Home Page is not loaded or check the Web Element...!!! expected [Make a new one time donation] but found []
	at org.testng.Assert.fail(Assert.java:111)
	at org.testng.Assert.failNotEquals(Assert.java:1578)
	at org.testng.Assert.assertEqualsImpl(Assert.java:150)
	at org.testng.Assert.assertEquals(Assert.java:132)
	at org.testng.Assert.assertEquals(Assert.java:656)
	at org.thd.hfcm.definitions.StepDefsIndividualUser.validate_the_user_able_to_see_the_welcome_message_as_a_new_user(StepDefsIndividualUser.java:51)
	at ✽.Validate the user able to see the welcome message as a new user(file:///C:/THD_GithubProjects/ICC-HFCM_SeleniumTestingAutomation/ICC-HFCM_SeleniumTestingAutomation/HomerFundContributionManager/src/test/resources/features/IndividualUser.feature:19)
]]></failure>
    <system-out><![CDATA[
@all @individual @IndividualEditExistingDonation
Scenario: Validate that Existing user home page presents Latest Donation and Edit donation button &amp#27;[90m# src/test/resources/features/IndividualUser.feature:24&amp#27;[0m
  &amp#27;[32mGiven &amp#27;[0m&amp#27;[32mOpen Browser and Launch Application&amp#27;[0m                                                       &amp#27;[90m# org.thd.hfcm.definitions.CommonDefinitions.open_Browser_and_Launch_Application()&amp#27;[0m
  &amp#27;[32mGiven &amp#27;[0m&amp#27;[32mOpen Browser and Launch Application&amp#27;[0m                                                       &amp#27;[90m# org.thd.hfcm.definitions.CommonDefinitions.open_Browser_and_Launch_Application()&amp#27;[0m
  &amp#27;[32mWhen &amp#27;[0m&amp#27;[32mLogin as a &amp#27;[0m&amp#27;[32m&amp#27;[1m"Individual"&amp#27;[0m&amp#27;[32m user&amp#27;[0m                                                               &amp#27;[90m# org.thd.hfcm.definitions.CommonDefinitions.enter_The_Credentials(java.lang.String)&amp#27;[0m
  &amp#27;[32mThen &amp#27;[0m&amp#27;[32mValidate the user able to see the latest message as a Existing user&amp#27;[0m                        &amp#27;[90m# org.thd.hfcm.definitions.StepDefsIndividualUser.validate_the_user_able_to_see_the_latest_message_as_a_existing_user()&amp#27;[0m
  &amp#27;[32mWhen &amp#27;[0m&amp#27;[32mLogin as a &amp#27;[0m&amp#27;[32m&amp#27;[1m"Individual"&amp#27;[0m&amp#27;[32m user&amp#27;[0m                                                               &amp#27;[90m# org.thd.hfcm.definitions.CommonDefinitions.enter_The_Credentials(java.lang.String)&amp#27;[0m
  &amp#27;[32mAnd &amp#27;[0m&amp#27;[32mValidate the user able to Edit Previous Donation as Existing user&amp#27;[0m                           &amp#27;[90m# org.thd.hfcm.definitions.StepDefsIndividualUser.validate_the_user_able_to_edit_previous_donation_as_existing_user()&amp#27;[0m
  &amp#27;[32mAnd &amp#27;[0m&amp#27;[32mLogged out Successfully as &amp#27;[0m&amp#27;[32m&amp#27;[1m"Individual"&amp#27;[0m&amp#27;[32m user&amp#27;[0m                                                &amp#27;[90m# org.thd.hfcm.definitions.CommonDefinitions.User_logged_out_successfully(java.lang.String)&amp#27;[0m
  &amp#27;[31mThen &amp#27;[0m&amp#27;[31mValidate the user able to see the welcome message as a new user&amp#27;[0m                            &amp#27;[90m# org.thd.hfcm.definitions.StepDefsIndividualUser.validate_the_user_able_to_see_the_welcome_message_as_a_new_user()&amp#27;[0m
      &amp#27;[31mjava.lang.AssertionError: Home Page is not loaded or check the Web Element...!!! expected [Make a new one time donation] but found []
	at org.testng.Assert.fail(Assert.java:111)
	at org.testng.Assert.failNotEquals(Assert.java:1578)
	at org.testng.Assert.assertEqualsImpl(Assert.java:150)
	at org.testng.Assert.assertEquals(Assert.java:132)
	at org.testng.Assert.assertEquals(Assert.java:656)
	at org.thd.hfcm.definitions.StepDefsIndividualUser.validate_the_user_able_to_see_the_welcome_message_as_a_new_user(StepDefsIndividualUser.java:51)
	at ✽.Validate the user able to see the welcome message as a new user(file:///C:/THD_GithubProjects/ICC-HFCM_SeleniumTestingAutomation/ICC-HFCM_SeleniumTestingAutomation/HomerFundContributionManager/src/test/resources/features/IndividualUser.feature:19)
&amp#27;[0m

    Embedding FailScreenshot [image/png 33147 bytes]

  &amp#27;[36mAnd &amp#27;[0m&amp#27;[36mValidate the user able donate as new user&amp#27;[0m                                                   &amp#27;[90m# org.thd.hfcm.definitions.StepDefsIndividualUser.validate_the_user_able_donate_as_new_user()&amp#27;[0m
  &amp#27;[36mAnd &amp#27;[0m&amp#27;[36mLogged out Successfully as &amp#27;[0m&amp#27;[36m&amp#27;[1m"Individual"&amp#27;[0m&amp#27;[36m user&amp#27;[0m                                                &amp#27;[90m# org.thd.hfcm.definitions.CommonDefinitions.User_logged_out_successfully(java.lang.String)&amp#27;[0m
]]></system-out>
    <system-err><![CDATA[Oct 23, 2024 3:51:26 PM org.openqa.selenium.devtools.CdpVersionFinder findNearestMatch
WARNING: Unable to find CDP implementation matching 129
Oct 23, 2024 3:51:26 PM org.openqa.selenium.chromium.ChromiumDriver lambda$new$5
WARNING: Unable to find version of CDP to use for 129.0.6668.101. You may need to include a dependency on a specific version of the CDP using something similar to `org.seleniumhq.selenium:selenium-devtools-v86:4.19.1` where the version ("v86") matches the version of the chromium-based browser you're using and the version number of the artifact is the same as Selenium's.
Oct 23, 2024 3:51:30 PM org.openqa.selenium.devtools.CdpVersionFinder findNearestMatch
WARNING: Unable to find CDP implementation matching 129
Oct 23, 2024 3:51:30 PM org.openqa.selenium.chromium.ChromiumDriver lambda$new$5
WARNING: Unable to find version of CDP to use for 129.0.6668.101. You may need to include a dependency on a specific version of the CDP using something similar to `org.seleniumhq.selenium:selenium-devtools-v86:4.19.1` where the version ("v86") matches the version of the chromium-based browser you're using and the version number of the artifact is the same as Selenium's.
org.openqa.selenium.StaleElementReferenceException: stale element reference: stale element not found
  (Session info: chrome=129.0.6668.101)
For documentation on this error, please visit: https://www.selenium.dev/documentation/webdriver/troubleshooting/errors#stale-element-reference-exception
Build info: version: '4.19.1', revision: 'abe0ee07dc'
System info: os.name: 'Windows 10', os.arch: 'amd64', os.version: '10.0', java.version: '21.0.1'
Driver info: org.openqa.selenium.chrome.ChromeDriver
Command: [9c8881944793f10066ae72c15c10c377, getElementText {id=f.E744BED098692CDB3386FDFE300B630A.d.C5DBE05B35920D3DE69D087328AEA478.e.46}]
Capabilities {acceptInsecureCerts: false, browserName: chrome, browserVersion: 129.0.6668.101, chrome: {chromedriverVersion: 129.0.6668.100 (cf58cba358d..., userDataDir: C:\Users\SXP8EWG\AppData\Lo...}, fedcm:accounts: true, goog:chromeOptions: {debuggerAddress: localhost:50777}, networkConnectionEnabled: false, pageLoadStrategy: normal, platformName: windows, proxy: Proxy(), se:cdp: ws://localhost:50777/devtoo..., se:cdpVersion: 129.0.6668.101, setWindowRect: true, strictFileInteractability: false, timeouts: {implicit: 0, pageLoad: 300000, script: 30000}, unhandledPromptBehavior: dismiss and notify, webauthn:extension:credBlob: true, webauthn:extension:largeBlob: true, webauthn:extension:minPinLength: true, webauthn:extension:prf: true, webauthn:virtualAuthenticators: true}
Element: [[ChromeDriver: chrome on windows (9c8881944793f10066ae72c15c10c377)] -> xpath: //a[@id='modalLogout__button']]
Session ID: 9c8881944793f10066ae72c15c10c377
	at java.base/jdk.internal.reflect.DirectConstructorHandleAccessor.newInstance(DirectConstructorHandleAccessor.java:62)
	at java.base/java.lang.reflect.Constructor.newInstanceWithCaller(Constructor.java:502)
	at java.base/java.lang.reflect.Constructor.newInstance(Constructor.java:486)
	at org.openqa.selenium.remote.ErrorCodec.decode(ErrorCodec.java:167)
	at org.openqa.selenium.remote.codec.w3c.W3CHttpResponseCodec.decode(W3CHttpResponseCodec.java:138)
	at org.openqa.selenium.remote.codec.w3c.W3CHttpResponseCodec.decode(W3CHttpResponseCodec.java:50)
	at org.openqa.selenium.remote.HttpCommandExecutor.execute(HttpCommandExecutor.java:190)
	at org.openqa.selenium.remote.service.DriverCommandExecutor.invokeExecute(DriverCommandExecutor.java:216)
	at org.openqa.selenium.remote.service.DriverCommandExecutor.execute(DriverCommandExecutor.java:174)
	at org.openqa.selenium.remote.RemoteWebDriver.execute(RemoteWebDriver.java:518)
	at org.openqa.selenium.remote.RemoteWebElement.execute(RemoteWebElement.java:223)
	at org.openqa.selenium.remote.RemoteWebElement.getText(RemoteWebElement.java:191)
	at org.thd.hfcm.utils.SeleniumHelper.getTextFromElement(SeleniumHelper.java:162)
	at org.thd.hfcm.pageObjects.HomePage.getNewDonationWelcomeMsg(HomePage.java:76)
	at org.thd.hfcm.definitions.StepDefsIndividualUser.validate_the_user_able_to_see_the_welcome_message_as_a_new_user(StepDefsIndividualUser.java:51)
	at java.base/jdk.internal.reflect.DirectMethodHandleAccessor.invoke(DirectMethodHandleAccessor.java:103)
	at java.base/java.lang.reflect.Method.invoke(Method.java:580)
	at io.cucumber.java.Invoker.doInvoke(Invoker.java:66)
	at io.cucumber.java.Invoker.invoke(Invoker.java:24)
	at io.cucumber.java.AbstractGlueDefinition.invokeMethod(AbstractGlueDefinition.java:47)
	at io.cucumber.java.JavaStepDefinition.execute(JavaStepDefinition.java:29)
	at io.cucumber.core.runner.CoreStepDefinition.execute(CoreStepDefinition.java:66)
	at io.cucumber.core.runner.PickleStepDefinitionMatch.runStep(PickleStepDefinitionMatch.java:63)
	at io.cucumber.core.runner.ExecutionMode$1.execute(ExecutionMode.java:10)
	at io.cucumber.core.runner.TestStep.executeStep(TestStep.java:81)
	at io.cucumber.core.runner.TestStep.run(TestStep.java:53)
	at io.cucumber.core.runner.PickleStepTestStep.run(PickleStepTestStep.java:51)
	at io.cucumber.core.runner.TestCase.run(TestCase.java:84)
	at io.cucumber.core.runner.Runner.runPickle(Runner.java:75)
	at io.cucumber.testng.TestNGCucumberRunner.lambda$runScenario$1(TestNGCucumberRunner.java:132)
	at io.cucumber.core.runtime.CucumberExecutionContext.lambda$runTestCase$5(CucumberExecutionContext.java:136)
	at io.cucumber.core.runtime.RethrowingThrowableCollector.executeAndThrow(RethrowingThrowableCollector.java:23)
	at io.cucumber.core.runtime.CucumberExecutionContext.runTestCase(CucumberExecutionContext.java:136)
	at io.cucumber.testng.TestNGCucumberRunner.runScenario(TestNGCucumberRunner.java:129)
	at io.cucumber.testng.AbstractTestNGCucumberTests.runScenario(AbstractTestNGCucumberTests.java:35)
	at java.base/jdk.internal.reflect.DirectMethodHandleAccessor.invoke(DirectMethodHandleAccessor.java:103)
	at java.base/java.lang.reflect.Method.invoke(Method.java:580)
	at org.testng.internal.invokers.MethodInvocationHelper.invokeMethod(MethodInvocationHelper.java:141)
	at org.testng.internal.invokers.TestInvoker.invokeMethod(TestInvoker.java:686)
	at org.testng.internal.invokers.TestInvoker.invokeTestMethod(TestInvoker.java:230)
	at org.testng.internal.invokers.TestMethodWithDataProviderMethodWorker.call(TestMethodWithDataProviderMethodWorker.java:81)
	at org.testng.internal.thread.Async$AsyncTask.run(Async.java:34)
	at java.base/java.util.concurrent.ThreadPoolExecutor.runWorker(ThreadPoolExecutor.java:1144)
	at java.base/java.util.concurrent.ThreadPoolExecutor$Worker.run(ThreadPoolExecutor.java:642)
	at java.base/java.lang.Thread.run(Thread.java:1583)
]]></system-err>
  </testcase>
  <testcase name="runScenario[&quot;Validate that Existing user home page presents Latest Donation and Edit donation button&quot;, &quot;Login as a Individual in HomerFund&quot;](4)" classname="org.thd.hfcm.runner.CucumberRunnerTests" time="0.013">
    <system-out><![CDATA[
@all @individual @IndividualOneTimeDonation
Scenario: Validate Individual User create One time donation                                                       &amp#27;[90m# src/test/resources/features/IndividualUser.feature:30&amp#27;[0m
]]></system-out>
  </testcase>
  <testcase name="runScenario[&quot;Validate Individual User create One time donation&quot;, &quot;Login as a Individual in HomerFund&quot;](5)" classname="org.thd.hfcm.runner.CucumberRunnerTests" time="35.407">
    <system-out><![CDATA[
@all @individual @IndividualRecurringDonation
Scenario: Validate Individual user create Recurring donation and verify the latest donation present in Home Page    &amp#27;[90m# src/test/resources/features/IndividualUser.feature:36&amp#27;[0m
  &amp#27;[32mGiven &amp#27;[0m&amp#27;[32mOpen Browser and Launch Application&amp#27;[0m                                                                         &amp#27;[90m# org.thd.hfcm.definitions.CommonDefinitions.open_Browser_and_Launch_Application()&amp#27;[0m
  &amp#27;[32mGiven &amp#27;[0m&amp#27;[32mOpen Browser and Launch Application&amp#27;[0m                                                                       &amp#27;[90m# org.thd.hfcm.definitions.CommonDefinitions.open_Browser_and_Launch_Application()&amp#27;[0m
  &amp#27;[32mWhen &amp#27;[0m&amp#27;[32mLogin as a &amp#27;[0m&amp#27;[32m&amp#27;[1m"Individual"&amp#27;[0m&amp#27;[32m user&amp#27;[0m                                                                                 &amp#27;[90m# org.thd.hfcm.definitions.CommonDefinitions.enter_The_Credentials(java.lang.String)&amp#27;[0m
  &amp#27;[32mWhen &amp#27;[0m&amp#27;[32mLogin as a &amp#27;[0m&amp#27;[32m&amp#27;[1m"Individual"&amp#27;[0m&amp#27;[32m user&amp#27;[0m                                                                               &amp#27;[90m# org.thd.hfcm.definitions.CommonDefinitions.enter_The_Credentials(java.lang.String)&amp#27;[0m
  &amp#27;[32mThen &amp#27;[0m&amp#27;[32mValidate the &amp#27;[0m&amp#27;[32m&amp#27;[1m"Individual"&amp#27;[0m&amp#27;[32m user Successfully redirects to Review page after &amp#27;[0m&amp#27;[32m&amp#27;[1m"Unconditional OneTimeDonation"&amp#27;[0m &amp#27;[90m# org.thd.hfcm.definitions.StepDefsIndividualUser.validate_the_user_successfully_redirects_to_review_page_after(java.lang.String,java.lang.String)&amp#27;[0m
  &amp#27;[32mAnd &amp#27;[0m&amp#27;[32mValidate the user able to submit after &amp#27;[0m&amp#27;[32m&amp#27;[1m"OneTimeDonation"&amp#27;[0m                                                    &amp#27;[90m# org.thd.hfcm.definitions.StepDefsIndividualUser.validate_the_user_able_to_submit_after(java.lang.String)&amp#27;[0m
  &amp#27;[32mAnd &amp#27;[0m&amp#27;[32mLogged out Successfully as &amp#27;[0m&amp#27;[32m&amp#27;[1m"Individual"&amp#27;[0m&amp#27;[32m user&amp#27;[0m                                                                &amp#27;[90m# org.thd.hfcm.definitions.CommonDefinitions.User_logged_out_successfully(java.lang.String)&amp#27;[0m
Exception ocurred:: Failed to click the element using Selenium click method, so using Action Class of Selenium...!!!
Expected condition failed: waiting for element to be clickable: By.xpath: //div[@id='root']//div[@id='donateList__text']/span (tried for 10 second(s) with 1000 milliseconds interval)
Build info: version: '4.19.1', revision: 'abe0ee07dc'
System info: os.name: 'Windows 10', os.arch: 'amd64', os.version: '10.0', java.version: '21.0.1'
Driver info: driver.version: unknown
]]></system-out>
    <system-err><![CDATA[Oct 23, 2024 3:51:49 PM org.openqa.selenium.devtools.CdpVersionFinder findNearestMatch
WARNING: Unable to find CDP implementation matching 129
Oct 23, 2024 3:51:49 PM org.openqa.selenium.chromium.ChromiumDriver lambda$new$5
WARNING: Unable to find version of CDP to use for 129.0.6668.101. You may need to include a dependency on a specific version of the CDP using something similar to `org.seleniumhq.selenium:selenium-devtools-v86:4.19.1` where the version ("v86") matches the version of the chromium-based browser you're using and the version number of the artifact is the same as Selenium's.
Oct 23, 2024 3:51:49 PM org.openqa.selenium.devtools.CdpVersionFinder findNearestMatch
WARNING: Unable to find CDP implementation matching 129
Oct 23, 2024 3:51:49 PM org.openqa.selenium.chromium.ChromiumDriver lambda$new$5
WARNING: Unable to find version of CDP to use for 129.0.6668.101. You may need to include a dependency on a specific version of the CDP using something similar to `org.seleniumhq.selenium:selenium-devtools-v86:4.19.1` where the version ("v86") matches the version of the chromium-based browser you're using and the version number of the artifact is the same as Selenium's.
]]></system-err>
  </testcase>
  <testcase name="runScenario[&quot;Validate Individual user create Recurring donation and verify the latest donation present in Home Page&quot;, &quot;Login as a Individual in HomerFund&quot;](6)" classname="org.thd.hfcm.runner.CucumberRunnerTests" time="33.092">
    <failure message="Donation Page is not loaded...!!! expected [true] but found [false]" type="java.lang.AssertionError"><![CDATA[java.lang.AssertionError: Donation Page is not loaded...!!! expected [true] but found [false]
	at org.testng.Assert.fail(Assert.java:111)
	at org.testng.Assert.failNotEquals(Assert.java:1578)
	at org.testng.Assert.assertTrue(Assert.java:57)
	at org.thd.hfcm.definitions.StepDefsIndividualUser.validate_the_user_successfully_redirects_to_review_page_after(StepDefsIndividualUser.java:75)
	at ✽.Validate the "Individual" user Successfully redirects to Review page after "Unconditional RecurringDonation"(file:///C:/THD_GithubProjects/ICC-HFCM_SeleniumTestingAutomation/ICC-HFCM_SeleniumTestingAutomation/HomerFundContributionManager/src/test/resources/features/IndividualUser.feature:37)
]]></failure>
    <system-out><![CDATA[
@all @individual @IndividualRecurringDonationErrorPopup
Scenario: Validate Popup when user enter donation with an amount greater than 500 in Recurring Donation           &amp#27;[90m# src/test/resources/features/IndividualUser.feature:43&amp#27;[0m
  &amp#27;[32mGiven &amp#27;[0m&amp#27;[32mOpen Browser and Launch Application&amp#27;[0m                                                                       &amp#27;[90m# org.thd.hfcm.definitions.CommonDefinitions.open_Browser_and_Launch_Application()&amp#27;[0m
  &amp#27;[32mWhen &amp#27;[0m&amp#27;[32mLogin as a &amp#27;[0m&amp#27;[32m&amp#27;[1m"Individual"&amp#27;[0m&amp#27;[32m user&amp#27;[0m                                                                               &amp#27;[90m# org.thd.hfcm.definitions.CommonDefinitions.enter_The_Credentials(java.lang.String)&amp#27;[0m
  &amp#27;[31mThen &amp#27;[0m&amp#27;[31mValidate the &amp#27;[0m&amp#27;[31m&amp#27;[1m"Individual"&amp#27;[0m&amp#27;[31m user Successfully redirects to Review page after &amp#27;[0m&amp#27;[31m&amp#27;[1m"Unconditional RecurringDonation"&amp#27;[0m &amp#27;[90m# org.thd.hfcm.definitions.StepDefsIndividualUser.validate_the_user_successfully_redirects_to_review_page_after(java.lang.String,java.lang.String)&amp#27;[0m
      &amp#27;[31mjava.lang.AssertionError: Donation Page is not loaded...!!! expected [true] but found [false]
	at org.testng.Assert.fail(Assert.java:111)
	at org.testng.Assert.failNotEquals(Assert.java:1578)
	at org.testng.Assert.assertTrue(Assert.java:57)
	at org.thd.hfcm.definitions.StepDefsIndividualUser.validate_the_user_successfully_redirects_to_review_page_after(StepDefsIndividualUser.java:75)
	at ✽.Validate the "Individual" user Successfully redirects to Review page after "Unconditional RecurringDonation"(file:///C:/THD_GithubProjects/ICC-HFCM_SeleniumTestingAutomation/ICC-HFCM_SeleniumTestingAutomation/HomerFundContributionManager/src/test/resources/features/IndividualUser.feature:37)
&amp#27;[0m

    Embedding FailScreenshot [image/png 18710 bytes]

  &amp#27;[36mAnd &amp#27;[0m&amp#27;[36mValidate the user able to submit after &amp#27;[0m&amp#27;[36m&amp#27;[1m"RecurringDonation"&amp#27;[0m                                                    &amp#27;[90m# org.thd.hfcm.definitions.StepDefsIndividualUser.validate_the_user_able_to_submit_after(java.lang.String)&amp#27;[0m
  &amp#27;[36mAnd &amp#27;[0m&amp#27;[36mValidate the latest donation should be displayed on Home Page after &amp#27;[0m&amp#27;[36m&amp#27;[1m"RecurringDonation"&amp#27;[0m                       &amp#27;[90m# org.thd.hfcm.definitions.StepDefsIndividualUser.validate_the_latest_donation_should_be_displayed_on_home_page_after(java.lang.String)&amp#27;[0m
  &amp#27;[36mAnd &amp#27;[0m&amp#27;[36mLogged out Successfully as &amp#27;[0m&amp#27;[36m&amp#27;[1m"Individual"&amp#27;[0m&amp#27;[36m user&amp#27;[0m                                                                  &amp#27;[90m# org.thd.hfcm.definitions.CommonDefinitions.User_logged_out_successfully(java.lang.String)&amp#27;[0m
Exception ocurred:: Failed to click the element using Selenium click method, so using Action Class of Selenium...!!!
Expected condition failed: waiting for element to be clickable: By.xpath: //div[@id='root']//div[@id='donateList__text']/span (tried for 10 second(s) with 1000 milliseconds interval)
Build info: version: '4.19.1', revision: 'abe0ee07dc'
System info: os.name: 'Windows 10', os.arch: 'amd64', os.version: '10.0', java.version: '21.0.1'
Driver info: driver.version: unknown
]]></system-out>
    <system-err><![CDATA[Oct 23, 2024 3:52:22 PM org.openqa.selenium.devtools.CdpVersionFinder findNearestMatch
WARNING: Unable to find CDP implementation matching 129
Oct 23, 2024 3:52:22 PM org.openqa.selenium.chromium.ChromiumDriver lambda$new$5
WARNING: Unable to find version of CDP to use for 129.0.6668.101. You may need to include a dependency on a specific version of the CDP using something similar to `org.seleniumhq.selenium:selenium-devtools-v86:4.19.1` where the version ("v86") matches the version of the chromium-based browser you're using and the version number of the artifact is the same as Selenium's.
]]></system-err>
  </testcase>
  <testcase name="runScenario[&quot;Validate Popup when user enter donation with an amount greater than 5000 in One Time donation&quot;, &quot;Login as a Individual in HomerFund&quot;](7)" classname="org.thd.hfcm.runner.CucumberRunnerTests" time="17.443">
    <system-out><![CDATA[
@all @individual @IndividualOneTimeDonationErrorPopup
Scenario: Validate Popup when user enter donation with an amount greater than 5000 in One Time donation         &amp#27;[90m# src/test/resources/features/IndividualUser.feature:49&amp#27;[0m
  &amp#27;[32mGiven &amp#27;[0m&amp#27;[32mOpen Browser and Launch Application&amp#27;[0m                                                                     &amp#27;[90m# org.thd.hfcm.definitions.CommonDefinitions.open_Browser_and_Launch_Application()&amp#27;[0m
  &amp#27;[32mWhen &amp#27;[0m&amp#27;[32mLogin as a &amp#27;[0m&amp#27;[32m&amp#27;[1m"Individual"&amp#27;[0m&amp#27;[32m user&amp#27;[0m                                                                             &amp#27;[90m# org.thd.hfcm.definitions.CommonDefinitions.enter_The_Credentials(java.lang.String)&amp#27;[0m
  &amp#27;[32mThen &amp#27;[0m&amp#27;[32mValidate the &amp#27;[0m&amp#27;[32m&amp#27;[1m"Individual"&amp#27;[0m&amp#27;[32m user Successfully redirects to Review page after &amp#27;[0m&amp#27;[32m&amp#27;[1m"Conditional OneTimeDonation"&amp#27;[0m &amp#27;[90m# org.thd.hfcm.definitions.StepDefsIndividualUser.validate_the_user_successfully_redirects_to_review_page_after(java.lang.String,java.lang.String)&amp#27;[0m
  &amp#27;[32mAnd &amp#27;[0m&amp#27;[32mValidate Popup should be displayed for limit exceed after &amp#27;[0m&amp#27;[32m&amp#27;[1m"OneTimeDonation"&amp#27;[0m                               &amp#27;[90m# org.thd.hfcm.definitions.StepDefsIndividualUser.validate_popup_should_be_displayed_for_limit_exceed_after(java.lang.String)&amp#27;[0m
  &amp#27;[32mAnd &amp#27;[0m&amp#27;[32mLogged out Successfully as &amp#27;[0m&amp#27;[32m&amp#27;[1m"Individual"&amp#27;[0m&amp#27;[32m user&amp#27;[0m                                                              &amp#27;[90m# org.thd.hfcm.definitions.CommonDefinitions.User_logged_out_successfully(java.lang.String)&amp#27;[0m
  &amp#27;[31mThen &amp#27;[0m&amp#27;[31mValidate the &amp#27;[0m&amp#27;[31m&amp#27;[1m"Individual"&amp#27;[0m&amp#27;[31m user Successfully redirects to Review page after &amp#27;[0m&amp#27;[31m&amp#27;[1m"Conditional RecurringDonation"&amp#27;[0m &amp#27;[90m# org.thd.hfcm.definitions.StepDefsIndividualUser.validate_the_user_successfully_redirects_to_review_page_after(java.lang.String,java.lang.String)&amp#27;[0m
      &amp#27;[31mjava.lang.AssertionError: Donation Page is not loaded...!!! expected [true] but found [false]
	at org.testng.Assert.fail(Assert.java:111)
	at org.testng.Assert.failNotEquals(Assert.java:1578)
	at org.testng.Assert.assertTrue(Assert.java:57)
	at org.thd.hfcm.definitions.StepDefsIndividualUser.validate_the_user_successfully_redirects_to_review_page_after(StepDefsIndividualUser.java:75)
	at ✽.Validate the "Individual" user Successfully redirects to Review page after "Conditional RecurringDonation"(file:///C:/THD_GithubProjects/ICC-HFCM_SeleniumTestingAutomation/ICC-HFCM_SeleniumTestingAutomation/HomerFundContributionManager/src/test/resources/features/IndividualUser.feature:44)
&amp#27;[0m

    Embedding FailScreenshot [image/png 18710 bytes]

  &amp#27;[36mAnd &amp#27;[0m&amp#27;[36mValidate Popup should be displayed for limit exceed after &amp#27;[0m&amp#27;[36m&amp#27;[1m"RecurringDonation"&amp#27;[0m                               &amp#27;[90m# org.thd.hfcm.definitions.StepDefsIndividualUser.validate_popup_should_be_displayed_for_limit_exceed_after(java.lang.String)&amp#27;[0m
  &amp#27;[36mAnd &amp#27;[0m&amp#27;[36mLogged out Successfully as &amp#27;[0m&amp#27;[36m&amp#27;[1m"Individual"&amp#27;[0m&amp#27;[36m user&amp#27;[0m                                                                &amp#27;[90m# org.thd.hfcm.definitions.CommonDefinitions.User_logged_out_successfully(java.lang.String)&amp#27;[0m
]]></system-out>
    <system-err><![CDATA[Oct 23, 2024 3:52:56 PM org.openqa.selenium.devtools.CdpVersionFinder findNearestMatch
WARNING: Unable to find CDP implementation matching 129
Oct 23, 2024 3:52:56 PM org.openqa.selenium.chromium.ChromiumDriver lambda$new$5
WARNING: Unable to find version of CDP to use for 129.0.6668.101. You may need to include a dependency on a specific version of the CDP using something similar to `org.seleniumhq.selenium:selenium-devtools-v86:4.19.1` where the version ("v86") matches the version of the chromium-based browser you're using and the version number of the artifact is the same as Selenium's.
]]></system-err>
  </testcase>
  <testcase name="runScenario[&quot;Validate Popup when user enter donation with an amount greater than 500 in Recurring Donation&quot;, &quot;Login as a Individual in HomerFund&quot;](8)" classname="org.thd.hfcm.runner.CucumberRunnerTests" time="5.223">
    <failure message="Donation Page is not loaded...!!! expected [true] but found [false]" type="java.lang.AssertionError"><![CDATA[java.lang.AssertionError: Donation Page is not loaded...!!! expected [true] but found [false]
	at org.testng.Assert.fail(Assert.java:111)
	at org.testng.Assert.failNotEquals(Assert.java:1578)
	at org.testng.Assert.assertTrue(Assert.java:57)
	at org.thd.hfcm.definitions.StepDefsIndividualUser.validate_the_user_successfully_redirects_to_review_page_after(StepDefsIndividualUser.java:75)
	at ✽.Validate the "Individual" user Successfully redirects to Review page after "Conditional RecurringDonation"(file:///C:/THD_GithubProjects/ICC-HFCM_SeleniumTestingAutomation/ICC-HFCM_SeleniumTestingAutomation/HomerFundContributionManager/src/test/resources/features/IndividualUser.feature:44)
]]></failure>
    <system-out><![CDATA[
@all @individual @IndividualDecimalErrorPopup
Scenario: Validate Popup when user enter donation amount in decimal                                                     &amp#27;[90m# src/test/resources/features/IndividualUser.feature:55&amp#27;[0m
]]></system-out>
    <system-err><![CDATA[Oct 23, 2024 3:53:12 PM org.openqa.selenium.devtools.CdpVersionFinder findNearestMatch
WARNING: Unable to find CDP implementation matching 129
Oct 23, 2024 3:53:12 PM org.openqa.selenium.chromium.ChromiumDriver lambda$new$5
WARNING: Unable to find version of CDP to use for 129.0.6668.101. You may need to include a dependency on a specific version of the CDP using something similar to `org.seleniumhq.selenium:selenium-devtools-v86:4.19.1` where the version ("v86") matches the version of the chromium-based browser you're using and the version number of the artifact is the same as Selenium's.
]]></system-err>
  </testcase>
  <testcase name="runScenario[&quot;Validate Popup when user enter donation amount in decimal&quot;, &quot;Login as a Individual in HomerFund&quot;](9)" classname="org.thd.hfcm.runner.CucumberRunnerTests" time="24.794">
    <system-out><![CDATA[
@all @individual @IndividualConfirmationPage
Scenario: Validate the Confirmation page                                                                                                    &amp#27;[90m# src/test/resources/features/IndividualUser.feature:61&amp#27;[0m
  &amp#27;[32mGiven &amp#27;[0m&amp#27;[32mOpen Browser and Launch Application&amp#27;[0m                                                                             &amp#27;[90m# org.thd.hfcm.definitions.CommonDefinitions.open_Browser_and_Launch_Application()&amp#27;[0m
  &amp#27;[32mWhen &amp#27;[0m&amp#27;[32mLogin as a &amp#27;[0m&amp#27;[32m&amp#27;[1m"Individual"&amp#27;[0m&amp#27;[32m user&amp#27;[0m                                                                                     &amp#27;[90m# org.thd.hfcm.definitions.CommonDefinitions.enter_The_Credentials(java.lang.String)&amp#27;[0m
  &amp#27;[32mGiven &amp#27;[0m&amp#27;[32mOpen Browser and Launch Application&amp#27;[0m                                                                                                 &amp#27;[90m# org.thd.hfcm.definitions.CommonDefinitions.open_Browser_and_Launch_Application()&amp#27;[0m
  &amp#27;[32mThen &amp#27;[0m&amp#27;[32mValidate as &amp#27;[0m&amp#27;[32m&amp#27;[1m"Individual"&amp#27;[0m&amp#27;[32m user Popup message should be displayed for attempting to enter a decimal amount&amp#27;[0m         &amp#27;[90m# org.thd.hfcm.definitions.StepDefsIndividualUser.validate_as_user_popup_message_should_be_displayed_for_attempting_to_enter_a_decimal_amount(java.lang.String)&amp#27;[0m
  &amp#27;[32mWhen &amp#27;[0m&amp#27;[32mLogin as a &amp#27;[0m&amp#27;[32m&amp#27;[1m"Individual"&amp#27;[0m&amp#27;[32m user&amp#27;[0m                                                                                                         &amp#27;[90m# org.thd.hfcm.definitions.CommonDefinitions.enter_The_Credentials(java.lang.String)&amp#27;[0m
  &amp#27;[32mAnd &amp#27;[0m&amp#27;[32mValidate as &amp#27;[0m&amp#27;[32m&amp#27;[1m"Individual"&amp#27;[0m&amp#27;[32m user Whole number amount is accepted without Popup after &amp#27;[0m&amp#27;[32m&amp#27;[1m"Unconditional OneTimeDonation"&amp#27;[0m &amp#27;[90m# org.thd.hfcm.definitions.StepDefsIndividualUser.validate_as_user_whole_number_amount_is_accepted_without_popup_after(java.lang.String,java.lang.String)&amp#27;[0m
  &amp#27;[32mThen &amp#27;[0m&amp#27;[32mValidate as &amp#27;[0m&amp#27;[32m&amp#27;[1m"Individual"&amp#27;[0m&amp#27;[32m user Confirmation page match the information entered for the donation after &amp#27;[0m&amp#27;[32m&amp#27;[1m"Unconditional OneTimeDonation"&amp#27;[0m &amp#27;[90m# org.thd.hfcm.definitions.StepDefsIndividualUser.validate_as_user_confirmation_page_match_the_information_entered_for_the_donation_after(java.lang.String,java.lang.String)&amp#27;[0m
  &amp#27;[32mAnd &amp#27;[0m&amp#27;[32mLogged out Successfully as &amp#27;[0m&amp#27;[32m&amp#27;[1m"Individual"&amp#27;[0m&amp#27;[32m user&amp#27;[0m                                                                      &amp#27;[90m# org.thd.hfcm.definitions.CommonDefinitions.User_logged_out_successfully(java.lang.String)&amp#27;[0m
  &amp#27;[32mAnd &amp#27;[0m&amp#27;[32mLogged out Successfully as &amp#27;[0m&amp#27;[32m&amp#27;[1m"Individual"&amp#27;[0m&amp#27;[32m user&amp#27;[0m                                                                                          &amp#27;[90m# org.thd.hfcm.definitions.CommonDefinitions.User_logged_out_successfully(java.lang.String)&amp#27;[0m
]]></system-out>
    <system-err><![CDATA[Oct 23, 2024 3:53:21 PM org.openqa.selenium.devtools.CdpVersionFinder findNearestMatch
WARNING: Unable to find CDP implementation matching 129
Oct 23, 2024 3:53:21 PM org.openqa.selenium.chromium.ChromiumDriver lambda$new$5
WARNING: Unable to find version of CDP to use for 129.0.6668.101. You may need to include a dependency on a specific version of the CDP using something similar to `org.seleniumhq.selenium:selenium-devtools-v86:4.19.1` where the version ("v86") matches the version of the chromium-based browser you're using and the version number of the artifact is the same as Selenium's.
]]></system-err>
  </testcase>
  <testcase name="runScenario[&quot;Validate the Confirmation page&quot;, &quot;Login as a Individual in HomerFund&quot;](10)" classname="org.thd.hfcm.runner.CucumberRunnerTests" time="1.525">
    <system-out><![CDATA[
@all @individual @IndividualPostSubmissionMsg
Scenario: Validate success message after successful donation and to check Go Back Home link                       &amp#27;[90m# src/test/resources/features/IndividualUser.feature:66&amp#27;[0m
]]></system-out>
  </testcase>
  <testcase name="runScenario[&quot;Validate success message after successful donation and to check Go Back Home link&quot;, &quot;Login as a Individual in HomerFund&quot;](11)" classname="org.thd.hfcm.runner.CucumberRunnerTests" time="17.234">
    <system-out><![CDATA[
@all @individual @IndividualDonateAccess
Scenario: Validate Donate page through Menu and Link in Homepage                                                 &amp#27;[90m# src/test/resources/features/IndividualUser.feature:72&amp#27;[0m
  &amp#27;[32mGiven &amp#27;[0m&amp#27;[32mOpen Browser and Launch Application&amp#27;[0m                                                                       &amp#27;[90m# org.thd.hfcm.definitions.CommonDefinitions.open_Browser_and_Launch_Application()&amp#27;[0m
  &amp#27;[32mGiven &amp#27;[0m&amp#27;[32mOpen Browser and Launch Application&amp#27;[0m                                                                      &amp#27;[90m# org.thd.hfcm.definitions.CommonDefinitions.open_Browser_and_Launch_Application()&amp#27;[0m
  &amp#27;[32mWhen &amp#27;[0m&amp#27;[32mLogin as a &amp#27;[0m&amp#27;[32m&amp#27;[1m"Individual"&amp#27;[0m&amp#27;[32m user&amp#27;[0m                                                                               &amp#27;[90m# org.thd.hfcm.definitions.CommonDefinitions.enter_The_Credentials(java.lang.String)&amp#27;[0m
  &amp#27;[32mWhen &amp#27;[0m&amp#27;[32mLogin as a &amp#27;[0m&amp#27;[32m&amp#27;[1m"Individual"&amp#27;[0m&amp#27;[32m user&amp#27;[0m                                                                              &amp#27;[90m# org.thd.hfcm.definitions.CommonDefinitions.enter_The_Credentials(java.lang.String)&amp#27;[0m
  &amp#27;[32mThen &amp#27;[0m&amp#27;[32mValidate the &amp#27;[0m&amp#27;[32m&amp#27;[1m"Individual"&amp#27;[0m&amp#27;[32m user Successfully redirects to Review page after &amp#27;[0m&amp#27;[32m&amp#27;[1m"Unconditional OneTimeDonation"&amp#27;[0m &amp#27;[90m# org.thd.hfcm.definitions.StepDefsIndividualUser.validate_the_user_successfully_redirects_to_review_page_after(java.lang.String,java.lang.String)&amp#27;[0m
  &amp#27;[32mAnd &amp#27;[0m&amp#27;[32mValidate the user able to submit after &amp#27;[0m&amp#27;[32m&amp#27;[1m"OneTimeDonation"&amp#27;[0m                                                    &amp#27;[90m# org.thd.hfcm.definitions.StepDefsIndividualUser.validate_the_user_able_to_submit_after(java.lang.String)&amp#27;[0m
  &amp#27;[32mAnd &amp#27;[0m&amp#27;[32mLogged out Successfully as &amp#27;[0m&amp#27;[32m&amp#27;[1m"Individual"&amp#27;[0m&amp#27;[32m user&amp#27;[0m                                                                &amp#27;[90m# org.thd.hfcm.definitions.CommonDefinitions.User_logged_out_successfully(java.lang.String)&amp#27;[0m
]]></system-out>
    <system-err><![CDATA[Oct 23, 2024 3:53:42 PM org.openqa.selenium.devtools.CdpVersionFinder findNearestMatch
WARNING: Unable to find CDP implementation matching 129
Oct 23, 2024 3:53:42 PM org.openqa.selenium.chromium.ChromiumDriver lambda$new$5
WARNING: Unable to find version of CDP to use for 129.0.6668.101. You may need to include a dependency on a specific version of the CDP using something similar to `org.seleniumhq.selenium:selenium-devtools-v86:4.19.1` where the version ("v86") matches the version of the chromium-based browser you're using and the version number of the artifact is the same as Selenium's.
Oct 23, 2024 3:53:48 PM org.openqa.selenium.devtools.CdpVersionFinder findNearestMatch
WARNING: Unable to find CDP implementation matching 129
Oct 23, 2024 3:53:48 PM org.openqa.selenium.chromium.ChromiumDriver lambda$new$5
WARNING: Unable to find version of CDP to use for 129.0.6668.101. You may need to include a dependency on a specific version of the CDP using something similar to `org.seleniumhq.selenium:selenium-devtools-v86:4.19.1` where the version ("v86") matches the version of the chromium-based browser you're using and the version number of the artifact is the same as Selenium's.
]]></system-err>
  </testcase>
  <testcase name="runScenario[&quot;Validate the amount increase decrease button&quot;, &quot;Login as a Individual in HomerFund&quot;](12)" classname="org.thd.hfcm.runner.CucumberRunnerTests" time="32.111">
    <system-out><![CDATA[
@all @individual @IndividualDonateAmountIncrease
Scenario: Validate the amount increase decrease button                                  &amp#27;[90m# src/test/resources/features/IndividualUser.feature:79&amp#27;[0m
  &amp#27;[32mGiven &amp#27;[0m&amp#27;[32mOpen Browser and Launch Application&amp#27;[0m                                             &amp#27;[90m# org.thd.hfcm.definitions.CommonDefinitions.open_Browser_and_Launch_Application()&amp#27;[0m
Exception ocurred:: Failed to click the element using Selenium click method, so using Action Class of Selenium...!!!
Expected condition failed: waiting for element to be clickable: By.id: addDonation__modalButton (tried for 10 second(s) with 1000 milliseconds interval)
Build info: version: '4.19.1', revision: 'abe0ee07dc'
System info: os.name: 'Windows 10', os.arch: 'amd64', os.version: '10.0', java.version: '21.0.1'
Driver info: driver.version: unknown
  &amp#27;[32mWhen &amp#27;[0m&amp#27;[32mLogin as a &amp#27;[0m&amp#27;[32m&amp#27;[1m"Individual"&amp#27;[0m&amp#27;[32m user&amp#27;[0m                                                     &amp#27;[90m# org.thd.hfcm.definitions.CommonDefinitions.enter_The_Credentials(java.lang.String)&amp#27;[0m
  &amp#27;[32mThen &amp#27;[0m&amp#27;[32mValidate the &amp#27;[0m&amp#27;[32m&amp#27;[1m"Individual"&amp#27;[0m&amp#27;[32m user Successfully redirects to Donation page&amp#27;[0m           &amp#27;[90m# org.thd.hfcm.definitions.StepDefsIndividualUser.validate_the_user_successfully_redirects_to_donation_page(java.lang.String)&amp#27;[0m
  &amp#27;[32mAnd &amp#27;[0m&amp#27;[32mValidate the &amp#27;[0m&amp#27;[32m&amp#27;[1m"Individual"&amp#27;[0m&amp#27;[32m user Successfully increase and Decrease Donation Amount&amp#27;[0m &amp#27;[90m# org.thd.hfcm.definitions.StepDefsIndividualUser.validate_the_user_successfully_increase_and_decrease_donation_amount(java.lang.String)&amp#27;[0m
  &amp#27;[32mAnd &amp#27;[0m&amp#27;[32mValidate the user able to submit after &amp#27;[0m&amp#27;[32m&amp#27;[1m"OneTimeDonation"&amp#27;[0m                          &amp#27;[90m# org.thd.hfcm.definitions.StepDefsIndividualUser.validate_the_user_able_to_submit_after(java.lang.String)&amp#27;[0m
  &amp#27;[32mAnd &amp#27;[0m&amp#27;[32mLogged out Successfully as &amp#27;[0m&amp#27;[32m&amp#27;[1m"Individual"&amp#27;[0m&amp#27;[32m user&amp#27;[0m                                      &amp#27;[90m# org.thd.hfcm.definitions.CommonDefinitions.User_logged_out_successfully(java.lang.String)&amp#27;[0m
]]></system-out>
    <system-err><![CDATA[Oct 23, 2024 3:54:03 PM org.openqa.selenium.devtools.CdpVersionFinder findNearestMatch
WARNING: Unable to find CDP implementation matching 129
Oct 23, 2024 3:54:03 PM org.openqa.selenium.chromium.ChromiumDriver lambda$new$5
WARNING: Unable to find version of CDP to use for 129.0.6668.101. You may need to include a dependency on a specific version of the CDP using something similar to `org.seleniumhq.selenium:selenium-devtools-v86:4.19.1` where the version ("v86") matches the version of the chromium-based browser you're using and the version number of the artifact is the same as Selenium's.
]]></system-err>
  </testcase>
  <testcase name="runScenario[&quot;Validate Donate page through Menu and Link in Homepage&quot;, &quot;Login as a Individual in HomerFund&quot;](13)" classname="org.thd.hfcm.runner.CucumberRunnerTests" time="37.721">
    <failure message="Donation Page is not loaded...!!! expected [true] but found [false]" type="java.lang.AssertionError"><![CDATA[java.lang.AssertionError: Donation Page is not loaded...!!! expected [true] but found [false]
	at org.testng.Assert.fail(Assert.java:111)
	at org.testng.Assert.failNotEquals(Assert.java:1578)
	at org.testng.Assert.assertTrue(Assert.java:57)
	at org.thd.hfcm.definitions.StepDefsIndividualUser.validate_the_user_successfully_redirects_to_donation_page_after_access_through_donate_link(StepDefsIndividualUser.java:152)
	at ✽.Validate the "Individual" user Successfully redirects to Donation page after access through Donate link(file:///C:/THD_GithubProjects/ICC-HFCM_SeleniumTestingAutomation/ICC-HFCM_SeleniumTestingAutomation/HomerFundContributionManager/src/test/resources/features/IndividualUser.feature:73)
]]></failure>
    <system-out><![CDATA[  &amp#27;[31mThen &amp#27;[0m&amp#27;[31mValidate the &amp#27;[0m&amp#27;[31m&amp#27;[1m"Individual"&amp#27;[0m&amp#27;[31m user Successfully redirects to Donation page after access through Donate link&amp#27;[0m   &amp#27;[90m# org.thd.hfcm.definitions.StepDefsIndividualUser.validate_the_user_successfully_redirects_to_donation_page_after_access_through_donate_link(java.lang.String)&amp#27;[0m
      &amp#27;[31mjava.lang.AssertionError: Donation Page is not loaded...!!! expected [true] but found [false]
	at org.testng.Assert.fail(Assert.java:111)
	at org.testng.Assert.failNotEquals(Assert.java:1578)
	at org.testng.Assert.assertTrue(Assert.java:57)
	at org.thd.hfcm.definitions.StepDefsIndividualUser.validate_the_user_successfully_redirects_to_donation_page_after_access_through_donate_link(StepDefsIndividualUser.java:152)
	at ✽.Validate the "Individual" user Successfully redirects to Donation page after access through Donate link(file:///C:/THD_GithubProjects/ICC-HFCM_SeleniumTestingAutomation/ICC-HFCM_SeleniumTestingAutomation/HomerFundContributionManager/src/test/resources/features/IndividualUser.feature:73)
&amp#27;[0m

    Embedding FailScreenshot [image/png 157626 bytes]

  &amp#27;[36mAnd &amp#27;[0m&amp#27;[36mValidate the &amp#27;[0m&amp#27;[36m&amp#27;[1m"Individual"&amp#27;[0m&amp#27;[36m user Successfully redirects to Review page after &amp#27;[0m&amp#27;[36m&amp#27;[1m"Unconditional OneTimeDonation"&amp#27;[0m &amp#27;[90m# org.thd.hfcm.definitions.StepDefsIndividualUser.validate_the_user_successfully_redirects_to_review_page_after(java.lang.String,java.lang.String)&amp#27;[0m
  &amp#27;[36mAnd &amp#27;[0m&amp#27;[36mValidate the user able to submit after &amp#27;[0m&amp#27;[36m&amp#27;[1m"OneTimeDonation"&amp#27;[0m                                                   &amp#27;[90m# org.thd.hfcm.definitions.StepDefsIndividualUser.validate_the_user_able_to_submit_after(java.lang.String)&amp#27;[0m
  &amp#27;[36mAnd &amp#27;[0m&amp#27;[36mLogged out Successfully as &amp#27;[0m&amp#27;[36m&amp#27;[1m"Individual"&amp#27;[0m&amp#27;[36m user&amp#27;[0m                                                               &amp#27;[90m# org.thd.hfcm.definitions.CommonDefinitions.User_logged_out_successfully(java.lang.String)&amp#27;[0m
]]></system-out>
  </testcase>
</testsuite>